<?xml version="1.0" encoding="UTF-8"?>
<!-- Generated by org.testng.reporters.JUnitReportReporter -->
<testsuite skipped="0" hostname="KALAMSIR-PC" name="tests.Runner5" tests="4" failures="0" timestamp="2020-09-24T12:42:35 IST" time="41.213" errors="0">
  <testcase name="runScenario" time="11.567" classname="tests.Runner5"/>
  <system-out/>
  <testcase name="runScenario" time="11.088" classname="tests.Runner5"/>
  <system-out/>
  <testcase name="runScenario" time="11.273" classname="tests.Runner5"/>
  <system-out/>
  <testcase name="runScenario" time="7.285" classname="tests.Runner5"/>
  <system-out/>
</testsuite> <!-- tests.Runner5 -->
